Determining if the pthread_create exist failed with the following output:
Change Dir: /home/alic/casadi_ws/build/CMakeFiles/CMakeTmp

Run Build Command:"/usr/bin/make" "cmTC_baa3f/fast"
/usr/bin/make -f CMakeFiles/cmTC_baa3f.dir/build.make CMakeFiles/cmTC_baa3f.dir/build
make[1]: Entering directory '/home/alic/casadi_ws/build/CMakeFiles/CMakeTmp'
Building C object CMakeFiles/cmTC_baa3f.dir/CheckSymbolExists.c.o
/usr/bin/cc    -o CMakeFiles/cmTC_baa3f.dir/CheckSymbolExists.c.o   -c /home/alic/casadi_ws/build/CMakeFiles/CMakeTmp/CheckSymbolExists.c
Linking C executable cmTC_baa3f
/usr/bin/cmake -E cmake_link_script CMakeFiles/cmTC_baa3f.dir/link.txt --verbose=1
/usr/bin/cc      -rdynamic CMakeFiles/cmTC_baa3f.dir/CheckSymbolExists.c.o  -o cmTC_baa3f 
CMakeFiles/cmTC_baa3f.dir/CheckSymbolExists.c.o: In function `main':
CheckSymbolExists.c:(.text+0x1b): undefined reference to `pthread_create'
collect2: error: ld returned 1 exit status
CMakeFiles/cmTC_baa3f.dir/build.make:97: recipe for target 'cmTC_baa3f' failed
make[1]: *** [cmTC_baa3f] Error 1
make[1]: Leaving directory '/home/alic/casadi_ws/build/CMakeFiles/CMakeTmp'
Makefile:126: recipe for target 'cmTC_baa3f/fast' failed
make: *** [cmTC_baa3f/fast] Error 2

File /home/alic/casadi_ws/build/CMakeFiles/CMakeTmp/CheckSymbolExists.c:
/* */
#include <pthread.h>

int main(int argc, char** argv)
{
  (void)argv;
#ifndef pthread_create
  return ((int*)(&pthread_create))[argc];
#else
  (void)argc;
  return 0;
#endif
}

Determining if the function pthread_create exists in the pthreads failed with the following output:
Change Dir: /home/alic/casadi_ws/build/CMakeFiles/CMakeTmp

Run Build Command:"/usr/bin/make" "cmTC_bb0b7/fast"
/usr/bin/make -f CMakeFiles/cmTC_bb0b7.dir/build.make CMakeFiles/cmTC_bb0b7.dir/build
make[1]: Entering directory '/home/alic/casadi_ws/build/CMakeFiles/CMakeTmp'
Building C object CMakeFiles/cmTC_bb0b7.dir/CheckFunctionExists.c.o
/usr/bin/cc   -DCHECK_FUNCTION_EXISTS=pthread_create   -o CMakeFiles/cmTC_bb0b7.dir/CheckFunctionExists.c.o   -c /usr/share/cmake-3.9/Modules/CheckFunctionExists.c
Linking C executable cmTC_bb0b7
/usr/bin/cmake -E cmake_link_script CMakeFiles/cmTC_bb0b7.dir/link.txt --verbose=1
/usr/bin/cc  -DCHECK_FUNCTION_EXISTS=pthread_create    -rdynamic CMakeFiles/cmTC_bb0b7.dir/CheckFunctionExists.c.o  -o cmTC_bb0b7 -lpthreads 
/usr/bin/ld: cannot find -lpthreads
collect2: error: ld returned 1 exit status
CMakeFiles/cmTC_bb0b7.dir/build.make:97: recipe for target 'cmTC_bb0b7' failed
make[1]: *** [cmTC_bb0b7] Error 1
make[1]: Leaving directory '/home/alic/casadi_ws/build/CMakeFiles/CMakeTmp'
Makefile:126: recipe for target 'cmTC_bb0b7/fast' failed
make: *** [cmTC_bb0b7/fast] Error 2


